<?xml version="1.0" encoding="UTF-8"?>
<!-- Generated by org.testng.reporters.JUnitReportReporter -->
<testsuite hostname="DESKTOP-195PDJN" failures="0" tests="6" name="testng.Day2" time="71.352" errors="0" timestamp="2024-11-29T16:09:15 IST" skipped="0">
  <testcase classname="testng.Day2" name="amazon" time="2.586"/>
  <system-out/>
  <testcase classname="testng.Day2" name="jio" time="26.485"/>
  <system-out/>
  <testcase classname="testng.Day2" name="myntra" time="6.373"/>
  <system-out/>
  <testcase classname="testng.Day2" name="ajio" time="25.467"/>
  <system-out/>
  <testcase classname="testng.Day2" name="meesho" time="5.594"/>
  <system-out/>
  <testcase classname="testng.Day2" name="flipkart" time="4.847"/>
  <system-out/>
</testsuite> <!-- testng.Day2 -->
