<?xml version="1.0" encoding="UTF-8"?>
<!-- Generated by org.testng.reporters.JUnitReportReporter -->
<testsuite hostname="DESKTOP-195PDJN" failures="0" tests="6" name="testng.Day2_priority" time="125.956" errors="0" timestamp="2024-11-29T15:59:14 IST" skipped="0">
  <testcase classname="testng.Day2_priority" name="flipkart" time="13.237"/>
  <system-out/>
  <testcase classname="testng.Day2_priority" name="amazon" time="66.559"/>
  <system-out/>
  <testcase classname="testng.Day2_priority" name="meesho" time="8.548"/>
  <system-out/>
  <testcase classname="testng.Day2_priority" name="myntra" time="4.065"/>
  <system-out/>
  <testcase classname="testng.Day2_priority" name="jio" time="1.870"/>
  <system-out/>
  <testcase classname="testng.Day2_priority" name="ajio" time="31.677"/>
  <system-out/>
</testsuite> <!-- testng.Day2_priority -->
