<?xml version="1.0" encoding="UTF-8"?>
<!-- Generated by org.testng.reporters.JUnitReportReporter -->
<testsuite hostname="DESKTOP-195PDJN" failures="0" tests="1" name="testng.NewTest" time="0.203" errors="0" timestamp="2024-11-06T14:52:13 IST" skipped="0">
  <testcase classname="testng.NewTest" name="f4" time="0.203"/>
  <system-out/>
</testsuite> <!-- testng.NewTest -->
