<?xml version="1.0" encoding="UTF-8"?>
<!-- Generated by org.testng.reporters.JUnitReportReporter -->
<testsuite hostname="DESKTOP-195PDJN" failures="0" tests="3" name="dailyTestNG.GetTitle_Url_Text" time="0.064" errors="0" timestamp="2024-11-06T15:32:20 IST" skipped="0">
  <testcase classname="dailyTestNG.GetTitle_Url_Text" name="url" time="0.024"/>
  <system-out/>
  <testcase classname="dailyTestNG.GetTitle_Url_Text" name="title" time="0.008"/>
  <system-out/>
  <testcase classname="dailyTestNG.GetTitle_Url_Text" name="text" time="0.032"/>
  <system-out/>
</testsuite> <!-- dailyTestNG.GetTitle_Url_Text -->
